<?xml version="1.0" encoding="UTF-8"?>
<testsuite name="Navigation" tests="5" skipped="0" failures="0" errors="0" timestamp="2024-01-08T21:31:08" hostname="BOU499879" time="15.485">
  <properties/>
  <testcase name="I can access the subpages through the nagigation bar #1" classname="Navigation" time="4.577"/>
  <testcase name="I can access the subpages through the nagigation bar #2" classname="Navigation" time="2.815"/>
  <testcase name="I can access the subpages through the nagigation bar #3" classname="Navigation" time="2.429"/>
  <testcase name="I can access the subpages through the nagigation bar #4" classname="Navigation" time="3.002"/>
  <testcase name="I can access the subpages through the nagigation bar #5" classname="Navigation" time="2.662"/>
  <system-out><![CDATA[
Scenario Outline: I can access the subpages through the nagigation bar ?[90m# src/test/resources/features/ArchivoFeature.feature:11?[0m
  ?[32mGiven ?[0m?[32mI navigate to www.freerangetesters.com?[0m                         ?[90m# steps.PageSteps.iNavigateToFRT()?[0m
  ?[32mWhen ?[0m?[32mI go to ?[0m?[32m?[1mCursos?[0m?[32m using the navigation bar?[0m                         ?[90m# steps.PageSteps.navigationBarUse(java.lang.String)?[0m

Scenario Outline: I can access the subpages through the nagigation bar ?[90m# src/test/resources/features/ArchivoFeature.feature:12?[0m
  ?[32mGiven ?[0m?[32mI navigate to www.freerangetesters.com?[0m                         ?[90m# steps.PageSteps.iNavigateToFRT()?[0m
  ?[32mWhen ?[0m?[32mI go to ?[0m?[32m?[1mRecursos?[0m?[32m using the navigation bar?[0m                       ?[90m# steps.PageSteps.navigationBarUse(java.lang.String)?[0m

Scenario Outline: I can access the subpages through the nagigation bar ?[90m# src/test/resources/features/ArchivoFeature.feature:13?[0m
  ?[32mGiven ?[0m?[32mI navigate to www.freerangetesters.com?[0m                         ?[90m# steps.PageSteps.iNavigateToFRT()?[0m
  ?[32mWhen ?[0m?[32mI go to ?[0m?[32m?[1mNewsletter?[0m?[32m using the navigation bar?[0m                     ?[90m# steps.PageSteps.navigationBarUse(java.lang.String)?[0m

Scenario Outline: I can access the subpages through the nagigation bar ?[90m# src/test/resources/features/ArchivoFeature.feature:14?[0m
  ?[32mGiven ?[0m?[32mI navigate to www.freerangetesters.com?[0m                         ?[90m# steps.PageSteps.iNavigateToFRT()?[0m
  ?[32mWhen ?[0m?[32mI go to ?[0m?[32m?[1mUdemy?[0m?[32m using the navigation bar?[0m                          ?[90m# steps.PageSteps.navigationBarUse(java.lang.String)?[0m

Scenario Outline: I can access the subpages through the nagigation bar ?[90m# src/test/resources/features/ArchivoFeature.feature:15?[0m
  ?[32mGiven ?[0m?[32mI navigate to www.freerangetesters.com?[0m                         ?[90m# steps.PageSteps.iNavigateToFRT()?[0m
  ?[32mWhen ?[0m?[32mI go to ?[0m?[32m?[1mMentorías?[0m?[32m using the navigation bar?[0m                      ?[90m# steps.PageSteps.navigationBarUse(java.lang.String)?[0m
]]></system-out>
  <system-err><![CDATA[SLF4J(W): No SLF4J providers were found.
SLF4J(W): Defaulting to no-operation (NOP) logger implementation
SLF4J(W): See https://www.slf4j.org/codes.html#noProviders for further details.
]]></system-err>
</testsuite>
